app/build/intermediates/manifest_merge_blame_file/debug/processDebugMainManifest/manifest-merger-blame-debug-report.txt
1<?xml version="1.0" encoding="utf-8"?>
2<!--
3/* //device/apps/Calendar/AndroidManifest.xml
4**
5** Copyright 2006, The Android Open Source Project
6**
7** Licensed under the Apache License, Version 2.0 (the "License");
8** you may not use this file except in compliance with the License.
9** You may obtain a copy of the License at
10**
11**     http://www.apache.org/licenses/LICENSE-2.0
12**
13** Unless required by applicable law or agreed to in writing, software
14** distributed under the License is distributed on an "AS IS" BASIS,
15** WITHOUT WARRANTIES OR CONDITIONS OF ANY KIND, either express or implied.
16** See the License for the specific language governing permissions and
17** limitations under the License.
18*/
19-->
20<manifest xmlns:android="http://schemas.android.com/apk/res/android"
21    package="com.shineflow.app.debug"
22    android:installLocation="auto"
23    android:versionCode="52"
24    android:versionName="1.0.52" >
25
26    <uses-sdk
27        android:minSdkVersion="23"
28        android:targetSdkVersion="35" />
29
30    <uses-permission android:name="android.permission.WRITE_EXTERNAL_STORAGE" />
30-->src\main\AndroidManifest.xml:23:5-81
30-->src\main\AndroidManifest.xml:23:22-78
31    <uses-permission android:name="android.permission.GET_ACCOUNTS" />
31-->src\main\AndroidManifest.xml:24:5-71
31-->src\main\AndroidManifest.xml:24:22-68
32    <uses-permission android:name="android.permission.VIBRATE" />
32-->src\main\AndroidManifest.xml:25:5-65
32-->src\main\AndroidManifest.xml:25:22-63
33    <uses-permission android:name="android.permission.READ_CONTACTS" />
33-->src\main\AndroidManifest.xml:26:5-71
33-->src\main\AndroidManifest.xml:26:22-69
34    <uses-permission android:name="android.permission.READ_CALENDAR" />
34-->src\main\AndroidManifest.xml:27:5-72
34-->src\main\AndroidManifest.xml:27:22-69
35    <uses-permission android:name="android.permission.WRITE_CALENDAR" />
35-->src\main\AndroidManifest.xml:28:5-73
35-->src\main\AndroidManifest.xml:28:22-70
36    <uses-permission android:name="android.permission.WAKE_LOCK" />
36-->src\main\AndroidManifest.xml:29:5-68
36-->src\main\AndroidManifest.xml:29:22-65
37    <uses-permission android:name="android.permission.READ_SYNC_SETTINGS" />
37-->src\main\AndroidManifest.xml:30:5-77
37-->src\main\AndroidManifest.xml:30:22-74
38    <uses-permission android:name="android.permission.FOREGROUND_SERVICE" />
38-->src\main\AndroidManifest.xml:31:5-77
38-->src\main\AndroidManifest.xml:31:22-74
39    <uses-permission android:name="android.permission.FOREGROUND_SERVICE_SYSTEM_EXEMPTED" />
39-->src\main\AndroidManifest.xml:32:5-93
39-->src\main\AndroidManifest.xml:32:22-90
40    <uses-permission android:name="android.permission.SCHEDULE_EXACT_ALARM" />
40-->src\main\AndroidManifest.xml:33:5-79
40-->src\main\AndroidManifest.xml:33:22-76
41    <uses-permission android:name="android.permission.REQUEST_IGNORE_BATTERY_OPTIMIZATIONS" />
41-->src\main\AndroidManifest.xml:34:5-94
41-->src\main\AndroidManifest.xml:34:22-92
42    <uses-permission android:name="android.permission.POST_NOTIFICATIONS" />
42-->src\main\AndroidManifest.xml:35:5-76
42-->src\main\AndroidManifest.xml:35:22-74
43    <uses-permission android:name="android.permission.INTERNET" />
43-->src\main\AndroidManifest.xml:36:5-67
43-->src\main\AndroidManifest.xml:36:22-64
44    <uses-permission android:name="android.permission.RECORD_AUDIO" />
44-->src\main\AndroidManifest.xml:37:5-71
44-->src\main\AndroidManifest.xml:37:22-68
45    <uses-permission android:name="android.permission.READ_EXTERNAL_STORAGE" />
45-->src\main\AndroidManifest.xml:38:5-80
45-->src\main\AndroidManifest.xml:38:22-77
46    <uses-permission android:name="android.permission.READ_MEDIA_IMAGES" />
46-->src\main\AndroidManifest.xml:39:5-76
46-->src\main\AndroidManifest.xml:39:22-73
47    <uses-permission android:name="android.permission.READ_MEDIA_AUDIO" />
47-->src\main\AndroidManifest.xml:40:5-75
47-->src\main\AndroidManifest.xml:40:22-72
48
49    <queries>
49-->src\main\AndroidManifest.xml:42:5-58:15
50        <intent>
50-->src\main\AndroidManifest.xml:43:9-45:18
51            <action android:name="android.content.SyncAdapter" />
51-->src\main\AndroidManifest.xml:44:13-66
51-->src\main\AndroidManifest.xml:44:21-63
52        </intent>
53        <intent>
53-->src\main\AndroidManifest.xml:47:9-51:18
54            <action android:name="android.intent.action.VIEW" />
54-->src\main\AndroidManifest.xml:48:13-65
54-->src\main\AndroidManifest.xml:48:21-62
55
56            <category android:name="android.intent.category.BROWSABLE" />
56-->src\main\AndroidManifest.xml:49:13-74
56-->src\main\AndroidManifest.xml:49:23-71
57
58            <data android:scheme="http" />
58-->src\main\AndroidManifest.xml:50:13-43
58-->src\main\AndroidManifest.xml:50:19-40
59        </intent>
60        <intent>
60-->src\main\AndroidManifest.xml:53:9-57:18
61            <action android:name="android.intent.action.VIEW" />
61-->src\main\AndroidManifest.xml:48:13-65
61-->src\main\AndroidManifest.xml:48:21-62
62
63            <category android:name="android.intent.category.BROWSABLE" />
63-->src\main\AndroidManifest.xml:49:13-74
63-->src\main\AndroidManifest.xml:49:23-71
64
65            <data android:scheme="https" />
65-->src\main\AndroidManifest.xml:50:13-43
65-->src\main\AndroidManifest.xml:50:19-40
66        </intent>
67
68        <package android:name="androidx.test.orchestrator" />
68-->[androidx.test:runner:1.7.0] AndroidManifest.xml:25:9-62
68-->[androidx.test:runner:1.7.0] AndroidManifest.xml:25:18-59
69        <package android:name="androidx.test.services" />
69-->[androidx.test:runner:1.7.0] AndroidManifest.xml:26:9-58
69-->[androidx.test:runner:1.7.0] AndroidManifest.xml:26:18-55
70        <package android:name="com.google.android.apps.common.testing.services" />
70-->[androidx.test:runner:1.7.0] AndroidManifest.xml:27:9-83
70-->[androidx.test:runner:1.7.0] AndroidManifest.xml:27:18-80
71    </queries>
72
73    <permission
73-->[androidx.core:core:1.13.1] AndroidManifest.xml:22:5-24:47
74        android:name="com.shineflow.app.debug.DYNAMIC_RECEIVER_NOT_EXPORTED_PERMISSION"
74-->[androidx.core:core:1.13.1] AndroidManifest.xml:23:9-81
75        android:protectionLevel="signature" />
75-->[androidx.core:core:1.13.1] AndroidManifest.xml:24:9-44
76
77    <uses-permission android:name="com.shineflow.app.debug.DYNAMIC_RECEIVER_NOT_EXPORTED_PERMISSION" />
77-->[androidx.core:core:1.13.1] AndroidManifest.xml:26:5-97
77-->[androidx.core:core:1.13.1] AndroidManifest.xml:26:22-94
78
79    <application
79-->src\main\AndroidManifest.xml:60:5-334:19
80        android:name="com.android.calendar.CalendarApplication"
80-->src\main\AndroidManifest.xml:60:18-73
81        android:appComponentFactory="androidx.core.app.CoreComponentFactory"
81-->[androidx.core:core:1.13.1] AndroidManifest.xml:28:18-86
82        android:debuggable="true"
83        android:extractNativeLibs="false"
84        android:hardwareAccelerated="true"
84-->src\main\AndroidManifest.xml:62:9-43
85        android:icon="@mipmap/ic_launcher"
85-->src\main\AndroidManifest.xml:63:9-43
86        android:label="@string/standalone_app_label"
86-->src\main\AndroidManifest.xml:64:9-53
87        android:localeConfig="@xml/_generated_res_locale_config"
88        android:requestLegacyExternalStorage="true"
88-->src\main\AndroidManifest.xml:61:9-52
89        android:requiredAccountType="*"
89-->src\main\AndroidManifest.xml:66:9-40
90        android:taskAffinity="ws.xsoh.etar.task"
90-->src\main\AndroidManifest.xml:65:9-49
91        android:testOnly="true"
92        android:theme="@style/Theme.Etar"
92-->src\main\AndroidManifest.xml:68:9-42
93        android:usesCleartextTraffic="true" >
93-->src\main\AndroidManifest.xml:67:9-44
94        <activity
94-->src\main\AndroidManifest.xml:70:9-92:20
95            android:name="com.android.calendar.AllInOneActivity"
95-->src\main\AndroidManifest.xml:71:13-65
96            android:exported="true"
96-->src\main\AndroidManifest.xml:72:13-36
97            android:launchMode="singleTask"
97-->src\main\AndroidManifest.xml:73:13-44
98            android:windowSoftInputMode="adjustPan" >
98-->src\main\AndroidManifest.xml:74:13-52
99            <intent-filter>
99-->src\main\AndroidManifest.xml:75:13-80:29
100                <action android:name="android.intent.action.MAIN" />
100-->src\main\AndroidManifest.xml:76:17-69
100-->src\main\AndroidManifest.xml:76:25-66
101
102                <category android:name="android.intent.category.DEFAULT" />
102-->src\main\AndroidManifest.xml:77:17-76
102-->src\main\AndroidManifest.xml:77:27-73
103                <category android:name="android.intent.category.LAUNCHER" />
103-->src\main\AndroidManifest.xml:78:17-77
103-->src\main\AndroidManifest.xml:78:27-74
104                <category android:name="android.intent.category.APP_CALENDAR" />
104-->src\main\AndroidManifest.xml:79:17-81
104-->src\main\AndroidManifest.xml:79:27-78
105            </intent-filter>
106            <intent-filter>
106-->src\main\AndroidManifest.xml:81:13-87:29
107                <action android:name="android.intent.action.VIEW" />
107-->src\main\AndroidManifest.xml:48:13-65
107-->src\main\AndroidManifest.xml:48:21-62
108
109                <category android:name="android.intent.category.DEFAULT" />
109-->src\main\AndroidManifest.xml:77:17-76
109-->src\main\AndroidManifest.xml:77:27-73
110
111                <data android:mimeType="time/epoch" />
111-->src\main\AndroidManifest.xml:50:13-43
111-->src\main\AndroidManifest.xml:84:23-52
112                <data android:host="com.android.calendar" />
112-->src\main\AndroidManifest.xml:50:13-43
112-->src\main\AndroidManifest.xml:85:23-58
113                <data android:scheme="content" />
113-->src\main\AndroidManifest.xml:50:13-43
113-->src\main\AndroidManifest.xml:50:19-40
114            </intent-filter>
115
116            <meta-data
116-->src\main\AndroidManifest.xml:89:13-90:53
117                android:name="android.app.shortcuts"
117-->src\main\AndroidManifest.xml:89:24-60
118                android:resource="@xml/shortcuts" />
118-->src\main\AndroidManifest.xml:90:17-50
119        </activity>
120
121        <activity-alias
121-->src\main\AndroidManifest.xml:94:9-97:26
122            android:name="com.android.calendar.LaunchActivity"
122-->src\main\AndroidManifest.xml:94:25-75
123            android:exported="true"
123-->src\main\AndroidManifest.xml:95:13-36
124            android:targetActivity="com.android.calendar.AllInOneActivity" >
124-->src\main\AndroidManifest.xml:96:13-75
125        </activity-alias>
126
127        <activity android:name="com.android.calendar.AboutActivity" >
127-->src\main\AndroidManifest.xml:99:9-100:20
127-->src\main\AndroidManifest.xml:99:19-68
128        </activity>
129        <activity
129-->src\main\AndroidManifest.xml:102:9-104:57
130            android:name="com.android.calendar.tags.TagManagementActivity"
130-->src\main\AndroidManifest.xml:102:19-81
131            android:label="@string/tags_manage_title"
131-->src\main\AndroidManifest.xml:104:13-54
132            android:parentActivityName="com.android.calendar.AllInOneActivity" />
132-->src\main\AndroidManifest.xml:103:13-79
133        <activity
133-->src\main\AndroidManifest.xml:106:9-108:52
134            android:name="com.android.calendar.cycle.PeriodActivity"
134-->src\main\AndroidManifest.xml:106:19-75
135            android:label="@string/period_title"
135-->src\main\AndroidManifest.xml:108:13-49
136            android:parentActivityName="com.android.calendar.AllInOneActivity" />
136-->src\main\AndroidManifest.xml:107:13-79
137
138        <receiver
138-->src\main\AndroidManifest.xml:110:9-111:40
139            android:name="com.android.calendar.cycle.PeriodReminderReceiver"
139-->src\main\AndroidManifest.xml:110:19-83
140            android:exported="false" />
140-->src\main\AndroidManifest.xml:111:13-37
141
142        <activity
142-->src\main\AndroidManifest.xml:113:9-125:20
143            android:name="com.android.calendar.EventInfoActivity"
143-->src\main\AndroidManifest.xml:113:19-72
144            android:exported="true"
144-->src\main\AndroidManifest.xml:114:13-36
145            android:parentActivityName="com.android.calendar.AllInOneActivity" >
145-->src\main\AndroidManifest.xml:115:13-79
146            <intent-filter>
146-->src\main\AndroidManifest.xml:116:13-119:29
147                <action android:name="android.intent.action.VIEW" />
147-->src\main\AndroidManifest.xml:48:13-65
147-->src\main\AndroidManifest.xml:48:21-62
148
149                <category android:name="android.intent.category.DEFAULT" />
149-->src\main\AndroidManifest.xml:77:17-76
149-->src\main\AndroidManifest.xml:77:27-73
150            </intent-filter>
151            <intent-filter>
151-->src\main\AndroidManifest.xml:120:13-124:29
152                <action android:name="android.intent.action.VIEW" />
152-->src\main\AndroidManifest.xml:48:13-65
152-->src\main\AndroidManifest.xml:48:21-62
153
154                <category android:name="android.intent.category.DEFAULT" />
154-->src\main\AndroidManifest.xml:77:17-76
154-->src\main\AndroidManifest.xml:77:27-73
155
156                <data android:mimeType="vnd.android.cursor.item/event" />
156-->src\main\AndroidManifest.xml:50:13-43
156-->src\main\AndroidManifest.xml:84:23-52
157            </intent-filter>
158        </activity>
159        <activity
159-->src\main\AndroidManifest.xml:127:9-129:20
160            android:name="com.android.calendar.event.EditEventActivity"
160-->src\main\AndroidManifest.xml:127:19-78
161            android:configChanges="keyboardHidden|orientation|screenSize" >
161-->src\main\AndroidManifest.xml:128:13-74
162        </activity>
163
164        <activity-alias
164-->src\main\AndroidManifest.xml:131:9-146:26
165            android:name="com.android.calendar.EditEventActivity"
165-->src\main\AndroidManifest.xml:131:25-78
166            android:exported="true"
166-->src\main\AndroidManifest.xml:132:13-36
167            android:targetActivity="com.android.calendar.event.EditEventActivity" >
167-->src\main\AndroidManifest.xml:133:13-82
168            <intent-filter>
168-->src\main\AndroidManifest.xml:134:13-139:29
169                <action android:name="android.intent.action.EDIT" />
169-->src\main\AndroidManifest.xml:135:17-69
169-->src\main\AndroidManifest.xml:135:25-66
170                <action android:name="android.intent.action.INSERT" />
170-->src\main\AndroidManifest.xml:136:17-71
170-->src\main\AndroidManifest.xml:136:25-68
171
172                <category android:name="android.intent.category.DEFAULT" />
172-->src\main\AndroidManifest.xml:77:17-76
172-->src\main\AndroidManifest.xml:77:27-73
173
174                <data android:mimeType="vnd.android.cursor.item/event" />
174-->src\main\AndroidManifest.xml:50:13-43
174-->src\main\AndroidManifest.xml:84:23-52
175            </intent-filter>
176            <intent-filter>
176-->src\main\AndroidManifest.xml:140:13-145:29
177                <action android:name="android.intent.action.EDIT" />
177-->src\main\AndroidManifest.xml:135:17-69
177-->src\main\AndroidManifest.xml:135:25-66
178                <action android:name="android.intent.action.INSERT" />
178-->src\main\AndroidManifest.xml:136:17-71
178-->src\main\AndroidManifest.xml:136:25-68
179
180                <category android:name="android.intent.category.DEFAULT" />
180-->src\main\AndroidManifest.xml:77:17-76
180-->src\main\AndroidManifest.xml:77:27-73
181
182                <data android:mimeType="vnd.android.cursor.dir/event" />
182-->src\main\AndroidManifest.xml:50:13-43
182-->src\main\AndroidManifest.xml:84:23-52
183            </intent-filter>
184        </activity-alias>
185
186        <activity
186-->src\main\AndroidManifest.xml:148:9-178:20
187            android:name="com.android.calendar.GoogleCalendarUriIntentFilter"
187-->src\main\AndroidManifest.xml:149:13-78
188            android:configChanges="orientation|keyboardHidden"
188-->src\main\AndroidManifest.xml:151:13-63
189            android:exported="true"
189-->src\main\AndroidManifest.xml:150:13-36
190            android:label="@string/app_label"
190-->src\main\AndroidManifest.xml:152:13-46
191            android:theme="@android:style/Theme.NoDisplay" >
191-->src\main\AndroidManifest.xml:153:13-59
192            <intent-filter android:priority="50" >
192-->src\main\AndroidManifest.xml:155:13-177:29
192-->src\main\AndroidManifest.xml:156:17-38
193                <action android:name="android.intent.action.VIEW" />
193-->src\main\AndroidManifest.xml:48:13-65
193-->src\main\AndroidManifest.xml:48:21-62
194
195                <category android:name="android.intent.category.DEFAULT" />
195-->src\main\AndroidManifest.xml:77:17-76
195-->src\main\AndroidManifest.xml:77:27-73
196                <category android:name="android.intent.category.BROWSABLE" />
196-->src\main\AndroidManifest.xml:49:13-74
196-->src\main\AndroidManifest.xml:49:23-71
197
198                <data
198-->src\main\AndroidManifest.xml:50:13-43
199                    android:host="www.google.com"
199-->src\main\AndroidManifest.xml:85:23-58
200                    android:pathPrefix="/calendar/event"
200-->src\main\AndroidManifest.xml:163:21-57
201                    android:scheme="http" />
201-->src\main\AndroidManifest.xml:50:19-40
202                <data
202-->src\main\AndroidManifest.xml:50:13-43
203                    android:host="www.google.com"
203-->src\main\AndroidManifest.xml:85:23-58
204                    android:pathPrefix="/calendar/event"
204-->src\main\AndroidManifest.xml:163:21-57
205                    android:scheme="https" />
205-->src\main\AndroidManifest.xml:50:19-40
206                <data
206-->src\main\AndroidManifest.xml:50:13-43
207                    android:host="www.google.com"
207-->src\main\AndroidManifest.xml:85:23-58
208                    android:pathPattern="/calendar/hosted/.*/event"
208-->src\main\AndroidManifest.xml:171:21-68
209                    android:scheme="http" />
209-->src\main\AndroidManifest.xml:50:19-40
210                <data
210-->src\main\AndroidManifest.xml:50:13-43
211                    android:host="www.google.com"
211-->src\main\AndroidManifest.xml:85:23-58
212                    android:pathPattern="/calendar/hosted/.*/event"
212-->src\main\AndroidManifest.xml:171:21-68
213                    android:scheme="https" />
213-->src\main\AndroidManifest.xml:50:19-40
214            </intent-filter>
215        </activity>
216        <activity
216-->src\main\AndroidManifest.xml:180:9-183:82
217            android:name="com.android.calendar.settings.SettingsActivity"
217-->src\main\AndroidManifest.xml:181:13-74
218            android:label="@string/preferences_title"
218-->src\main\AndroidManifest.xml:182:13-54
219            android:parentActivityName="com.android.calendar.AllInOneActivity" />
219-->src\main\AndroidManifest.xml:183:13-79
220
221        <!-- Declarations for search -->
222        <!-- Make all activities a searchable context -->
223        <meta-data
223-->src\main\AndroidManifest.xml:187:9-188:66
224            android:name="android.app.default_searchable"
224-->src\main\AndroidManifest.xml:187:20-65
225            android:value="com.android.calendar.SearchActivity" />
225-->src\main\AndroidManifest.xml:188:13-64
226
227        <activity
227-->src\main\AndroidManifest.xml:190:9-200:20
228            android:name="com.android.calendar.SearchActivity"
228-->src\main\AndroidManifest.xml:191:13-63
229            android:exported="true"
229-->src\main\AndroidManifest.xml:192:13-36
230            android:label="@string/search_title"
230-->src\main\AndroidManifest.xml:193:13-49
231            android:launchMode="singleTop"
231-->src\main\AndroidManifest.xml:194:13-43
232            android:windowSoftInputMode="stateAlwaysHidden" >
232-->src\main\AndroidManifest.xml:195:13-60
233            <intent-filter>
233-->src\main\AndroidManifest.xml:196:13-198:29
234                <action android:name="android.intent.action.SEARCH" />
234-->src\main\AndroidManifest.xml:197:17-70
234-->src\main\AndroidManifest.xml:197:25-68
235            </intent-filter>
236
237            <meta-data
237-->src\main\AndroidManifest.xml:199:13-98
238                android:name="android.app.searchable"
238-->src\main\AndroidManifest.xml:199:24-61
239                android:resource="@xml/searchable" />
239-->src\main\AndroidManifest.xml:199:62-96
240        </activity>
241        <activity
241-->src\main\AndroidManifest.xml:202:9-215:20
242            android:name="com.android.calendar.ImportActivity"
242-->src\main\AndroidManifest.xml:202:19-69
243            android:exported="true"
243-->src\main\AndroidManifest.xml:203:13-36
244            android:launchMode="singleTop"
244-->src\main\AndroidManifest.xml:205:13-43
245            android:theme="@android:style/Theme.NoDisplay" >
245-->src\main\AndroidManifest.xml:204:13-59
246            <intent-filter>
246-->src\main\AndroidManifest.xml:206:13-214:29
247                <action android:name="android.intent.action.VIEW" />
247-->src\main\AndroidManifest.xml:48:13-65
247-->src\main\AndroidManifest.xml:48:21-62
248
249                <category android:name="android.intent.category.DEFAULT" />
249-->src\main\AndroidManifest.xml:77:17-76
249-->src\main\AndroidManifest.xml:77:27-73
250
251                <data android:scheme="content" />
251-->src\main\AndroidManifest.xml:50:13-43
251-->src\main\AndroidManifest.xml:50:19-40
252                <data android:scheme="file" />
252-->src\main\AndroidManifest.xml:50:13-43
252-->src\main\AndroidManifest.xml:50:19-40
253                <data android:mimeType="text/x-vcalendar" />
253-->src\main\AndroidManifest.xml:50:13-43
253-->src\main\AndroidManifest.xml:84:23-52
254                <data android:mimeType="text/calendar" />
254-->src\main\AndroidManifest.xml:50:13-43
254-->src\main\AndroidManifest.xml:84:23-52
255                <data android:mimeType="application/ics" />
255-->src\main\AndroidManifest.xml:50:13-43
255-->src\main\AndroidManifest.xml:84:23-52
256            </intent-filter>
257        </activity>
258        <activity
258-->src\main\AndroidManifest.xml:217:9-220:82
259            android:name="com.android.calendar.CourseImportActivity"
259-->src\main\AndroidManifest.xml:218:13-69
260            android:label="@string/course_import_title"
260-->src\main\AndroidManifest.xml:219:13-56
261            android:parentActivityName="com.android.calendar.AllInOneActivity" />
261-->src\main\AndroidManifest.xml:220:13-79
262
263        <provider
264            android:name="androidx.core.content.FileProvider"
264-->src\main\AndroidManifest.xml:223:13-62
265            android:authorities="com.shineflow.app.debug.provider"
265-->src\main\AndroidManifest.xml:224:13-60
266            android:exported="false"
266-->src\main\AndroidManifest.xml:225:13-37
267            android:grantUriPermissions="true" >
267-->src\main\AndroidManifest.xml:226:13-47
268            <meta-data
268-->src\main\AndroidManifest.xml:227:13-229:57
269                android:name="android.support.FILE_PROVIDER_PATHS"
269-->src\main\AndroidManifest.xml:228:17-67
270                android:resource="@xml/provider_paths" />
270-->src\main\AndroidManifest.xml:229:17-55
271        </provider>
272        <provider
273            android:name="com.android.calendar.CalendarRecentSuggestionsProvider"
273-->src\main\AndroidManifest.xml:232:19-88
274            android:authorities="com.shineflow.app.debug.CalendarRecentSuggestionsProvider"
274-->src\main\AndroidManifest.xml:234:13-85
275            android:exported="false" />
275-->src\main\AndroidManifest.xml:233:13-37
276
277        <!-- Declarations for alerts/reminders -->
278        <activity
278-->src\main\AndroidManifest.xml:237:9-241:64
279            android:name="com.android.calendar.alerts.AlertActivity"
279-->src\main\AndroidManifest.xml:238:13-69
280            android:excludeFromRecents="true"
280-->src\main\AndroidManifest.xml:239:13-46
281            android:launchMode="singleInstance"
281-->src\main\AndroidManifest.xml:240:13-48
282            android:theme="@android:style/Theme.Holo.Dialog" />
282-->src\main\AndroidManifest.xml:241:13-61
283        <activity
283-->src\main\AndroidManifest.xml:243:9-248:64
284            android:name="com.android.calendar.alerts.QuickResponseActivity"
284-->src\main\AndroidManifest.xml:244:13-77
285            android:excludeFromRecents="true"
285-->src\main\AndroidManifest.xml:245:13-46
286            android:label="@string/quick_response_dialog_title"
286-->src\main\AndroidManifest.xml:246:13-64
287            android:launchMode="singleInstance"
287-->src\main\AndroidManifest.xml:247:13-48
288            android:theme="@android:style/Theme.Holo.Dialog" />
288-->src\main\AndroidManifest.xml:248:13-61
289        <activity
289-->src\main\AndroidManifest.xml:250:9-254:64
290            android:name="com.android.calendar.alerts.SnoozeDelayActivity"
290-->src\main\AndroidManifest.xml:251:13-75
291            android:excludeFromRecents="true"
291-->src\main\AndroidManifest.xml:252:13-46
292            android:launchMode="singleInstance"
292-->src\main\AndroidManifest.xml:253:13-48
293            android:theme="@android:style/Theme.Holo.Dialog" />
293-->src\main\AndroidManifest.xml:254:13-61
294
295        <receiver
295-->src\main\AndroidManifest.xml:256:9-271:20
296            android:name="com.android.calendar.alerts.AlertReceiver"
296-->src\main\AndroidManifest.xml:256:19-75
297            android:exported="true" >
297-->src\main\AndroidManifest.xml:257:13-36
298            <intent-filter>
298-->src\main\AndroidManifest.xml:258:13-262:29
299                <action android:name="android.intent.action.EVENT_REMINDER" />
299-->src\main\AndroidManifest.xml:259:17-79
299-->src\main\AndroidManifest.xml:259:25-76
300                <action android:name="android.intent.action.TIME_SET" />
300-->src\main\AndroidManifest.xml:260:17-73
300-->src\main\AndroidManifest.xml:260:25-70
301
302                <data android:scheme="content" />
302-->src\main\AndroidManifest.xml:50:13-43
302-->src\main\AndroidManifest.xml:50:19-40
303            </intent-filter>
304            <intent-filter>
304-->src\main\AndroidManifest.xml:263:13-265:29
305                <action android:name="android.intent.action.LOCALE_CHANGED" />
305-->src\main\AndroidManifest.xml:264:17-79
305-->src\main\AndroidManifest.xml:264:25-76
306            </intent-filter>
307            <intent-filter>
307-->src\main\AndroidManifest.xml:266:13-270:29
308                <action android:name="android.intent.action.PROVIDER_CHANGED" />
308-->src\main\AndroidManifest.xml:267:17-80
308-->src\main\AndroidManifest.xml:267:25-78
309
310                <data android:scheme="content" />
310-->src\main\AndroidManifest.xml:50:13-43
310-->src\main\AndroidManifest.xml:50:19-40
311                <data android:host="com.android.calendar" />
311-->src\main\AndroidManifest.xml:50:13-43
311-->src\main\AndroidManifest.xml:85:23-58
312            </intent-filter>
313        </receiver>
314        <receiver
314-->src\main\AndroidManifest.xml:273:9-282:20
315            android:name="com.android.calendar.UpgradeReceiver"
315-->src\main\AndroidManifest.xml:273:19-70
316            android:exported="true" >
316-->src\main\AndroidManifest.xml:274:13-36
317            <intent-filter>
317-->src\main\AndroidManifest.xml:275:13-278:29
318                <action android:name="android.intent.action.BOOT_COMPLETED" />
318-->src\main\AndroidManifest.xml:276:17-79
318-->src\main\AndroidManifest.xml:276:25-76
319
320                <category android:name="android.intent.category.DEFAULT" />
320-->src\main\AndroidManifest.xml:77:17-76
320-->src\main\AndroidManifest.xml:77:27-73
321            </intent-filter>
322            <intent-filter>
322-->src\main\AndroidManifest.xml:279:13-281:29
323                <action android:name="android.intent.action.MY_PACKAGE_REPLACED" />
323-->src\main\AndroidManifest.xml:280:17-84
323-->src\main\AndroidManifest.xml:280:25-81
324            </intent-filter>
325        </receiver>
326
327        <service
327-->src\main\AndroidManifest.xml:284:9-286:62
328            android:name="com.android.calendar.alerts.AlertService"
328-->src\main\AndroidManifest.xml:284:18-73
329            android:exported="false"
329-->src\main\AndroidManifest.xml:285:13-37
330            android:foregroundServiceType="systemExempted" />
330-->src\main\AndroidManifest.xml:286:13-59
331        <service android:name="com.android.calendar.alerts.DismissAlarmsService" />
331-->src\main\AndroidManifest.xml:288:9-84
331-->src\main\AndroidManifest.xml:288:18-81
332        <service android:name="com.android.calendar.alerts.SnoozeAlarmsService" />
332-->src\main\AndroidManifest.xml:290:9-83
332-->src\main\AndroidManifest.xml:290:18-80
333
334        <!-- Declarations for the widget -->
335        <receiver
335-->src\main\AndroidManifest.xml:293:9-300:20
336            android:name="com.android.calendar.widget.CalendarAppWidgetProvider"
336-->src\main\AndroidManifest.xml:293:19-87
337            android:exported="true" >
337-->src\main\AndroidManifest.xml:294:13-36
338            <intent-filter>
338-->src\main\AndroidManifest.xml:295:13-298:29
339                <action android:name="android.appwidget.action.APPWIDGET_UPDATE" />
339-->src\main\AndroidManifest.xml:296:17-84
339-->src\main\AndroidManifest.xml:296:25-81
340                <action android:name="com.android.calendar.APPWIDGET_UPDATE" />
340-->src\main\AndroidManifest.xml:297:17-80
340-->src\main\AndroidManifest.xml:297:25-77
341            </intent-filter>
342
343            <meta-data
343-->src\main\AndroidManifest.xml:299:13-107
344                android:name="android.appwidget.provider"
344-->src\main\AndroidManifest.xml:299:24-65
345                android:resource="@xml/appwidget_info" />
345-->src\main\AndroidManifest.xml:299:66-104
346        </receiver>
347        <receiver